2018-02-22T12:58:13.155259Z 0 [Warning] TIMESTAMP with implicit DEFAULT value is deprecated. Please use --explicit_defaults_for_timestamp server option (see documentation for more details).
2018-02-22T12:58:13.155377Z 0 [Warning] 'NO_ZERO_DATE', 'NO_ZERO_IN_DATE' and 'ERROR_FOR_DIVISION_BY_ZERO' sql modes should be used with strict mode. They will be merged with strict mode in a future release.
2018-02-22T12:58:13.159702Z 0 [Note] C:\Program Files\MySQL\MySQL Server 5.7\bin\mysqld.exe (mysqld 5.7.21-log) starting as process 6432 ...
2018-02-22T12:58:13.183837Z 0 [Note] InnoDB: Mutexes and rw_locks use Windows interlocked functions
2018-02-22T12:58:13.186267Z 0 [Note] InnoDB: Uses event mutexes
2018-02-22T12:58:13.187128Z 0 [Note] InnoDB: _mm_lfence() and _mm_sfence() are used for memory barrier
2018-02-22T12:58:13.188391Z 0 [Note] InnoDB: Compressed tables use zlib 1.2.3
2018-02-22T12:58:13.189939Z 0 [Note] InnoDB: Number of pools: 1
2018-02-22T12:58:13.190990Z 0 [Note] InnoDB: Not using CPU crc32 instructions
2018-02-22T12:58:13.196680Z 0 [Note] InnoDB: Initializing buffer pool, total size = 128M, instances = 1, chunk size = 128M
2018-02-22T12:58:13.209843Z 0 [Note] InnoDB: Completed initialization of buffer pool
2018-02-22T12:58:13.328356Z 0 [Note] InnoDB: Highest supported file format is Barracuda.
2018-02-22T12:58:13.599756Z 0 [Note] InnoDB: Creating shared tablespace for temporary tables
2018-02-22T12:58:13.620478Z 0 [Note] InnoDB: Setting file '.\ibtmp1' size to 12 MB. Physically writing the file full; Please wait ...
2018-02-22T12:58:13.823183Z 0 [Note] InnoDB: File '.\ibtmp1' size is now 12 MB.
2018-02-22T12:58:13.878730Z 0 [Note] InnoDB: 96 redo rollback segment(s) found. 96 redo rollback segment(s) are active.
2018-02-22T12:58:13.880718Z 0 [Note] InnoDB: 32 non-redo rollback segment(s) are active.
2018-02-22T12:58:13.882412Z 0 [Note] InnoDB: Waiting for purge to start
2018-02-22T12:58:13.948764Z 0 [Note] InnoDB: 5.7.21 started; log sequence number 2551891
2018-02-22T12:58:13.952540Z 0 [Note] InnoDB: Loading buffer pool(s) from C:\ProgramData\MySQL\MySQL Server 5.7\Data\ib_buffer_pool
2018-02-22T12:58:13.952869Z 0 [Note] Plugin 'FEDERATED' is disabled.
2018-02-22T12:58:14.021446Z 0 [Warning] Failed to set up SSL because of the following SSL library error: SSL context is not usable without certificate and private key
2018-02-22T12:58:14.026406Z 0 [Note] Server hostname (bind-address): '*'; port: 3306
2018-02-22T12:58:14.029743Z 0 [Note] IPv6 is available.
2018-02-22T12:58:14.030906Z 0 [Note]   - '::' resolves to '::';
2018-02-22T12:58:14.032228Z 0 [Note] Server socket created on IP: '::'.
2018-02-22T12:58:14.064284Z 0 [Note] InnoDB: Buffer pool(s) load completed at 180222 15:58:14
2018-02-22T12:58:14.193397Z 0 [Note] Event Scheduler: Loaded 0 events
2018-02-22T12:58:14.194671Z 0 [Note] C:\Program Files\MySQL\MySQL Server 5.7\bin\mysqld.exe: ready for connections.
Version: '5.7.21-log'  socket: ''  port: 3306  MySQL Community Server (GPL)
2018-02-22T12:58:16.746134Z 2 [Note] Access denied for user ''@'localhost' (using password: NO)
2018-02-22T13:44:14.263597Z 8 [ERROR] InnoDB: In ALTER TABLE `testwork_schema`.`customers_addresses` has or is referenced in foreign key constraints which are not compatible with the new table definition.
2018-02-22T13:45:12.316339Z 8 [ERROR] InnoDB: In ALTER TABLE `testwork_schema`.`customers_addresses` has or is referenced in foreign key constraints which are not compatible with the new table definition.
2018-02-22T13:45:43.664810Z 8 [ERROR] InnoDB: In ALTER TABLE `testwork_schema`.`customers_addresses` has or is referenced in foreign key constraints which are not compatible with the new table definition.
2018-02-22T22:03:57.474353Z 9 [Note] Aborted connection 9 to db: 'unconnected' user: 'root' host: 'localhost' (Got timeout reading communication packets)
2018-02-26T07:13:16.603183Z 0 [Note] InnoDB: page_cleaner: 1000ms intended loop took 257128723ms. The settings might not be optimal. (flushed=0 and evicted=0, during the time.)
2018-02-26T07:15:16.257059Z 0 [Note] C:\Program Files\MySQL\MySQL Server 5.7\bin\mysqld.exe: Normal shutdown

2018-02-26T07:15:16.260703Z 0 [Note] Giving 0 client threads a chance to die gracefully
2018-02-26T07:15:16.262135Z 0 [Note] Shutting down slave threads
2018-02-26T07:15:16.263230Z 0 [Note] Forcefully disconnecting 0 remaining clients
2018-02-26T07:15:16.264668Z 0 [Note] Event Scheduler: Purging the queue. 0 events
2018-02-26T07:15:16.266933Z 0 [Note] Binlog end
2018-02-26T07:15:17.651722Z 0 [Note] Shutting down plugin 'ngram'
2018-02-26T07:15:17.652778Z 0 [Note] Shutting down plugin 'partition'
2018-02-26T07:15:17.653838Z 0 [Note] Shutting down plugin 'BLACKHOLE'
2018-02-26T07:15:17.654905Z 0 [Note] Shutting down plugin 'ARCHIVE'
2018-02-26T07:15:17.655933Z 0 [Note] Shutting down plugin 'PERFORMANCE_SCHEMA'
2018-02-26T07:15:17.657230Z 0 [Note] Shutting down plugin 'MRG_MYISAM'
2018-02-26T07:15:17.658338Z 0 [Note] Shutting down plugin 'MyISAM'
2018-02-26T07:15:17.659451Z 0 [Note] Shutting down plugin 'INNODB_SYS_VIRTUAL'
2018-02-26T07:15:17.660718Z 0 [Note] Shutting down plugin 'INNODB_SYS_DATAFILES'
2018-02-26T07:15:17.661983Z 0 [Note] Shutting down plugin 'INNODB_SYS_TABLESPACES'
2018-02-26T07:15:17.663209Z 0 [Note] Shutting down plugin 'INNODB_SYS_FOREIGN_COLS'
2018-02-26T07:15:17.664490Z 0 [Note] Shutting down plugin 'INNODB_SYS_FOREIGN'
2018-02-26T07:15:17.665694Z 0 [Note] Shutting down plugin 'INNODB_SYS_FIELDS'
2018-02-26T07:15:17.666778Z 0 [Note] Shutting down plugin 'INNODB_SYS_COLUMNS'
2018-02-26T07:15:17.667940Z 0 [Note] Shutting down plugin 'INNODB_SYS_INDEXES'
2018-02-26T07:15:17.669094Z 0 [Note] Shutting down plugin 'INNODB_SYS_TABLESTATS'
2018-02-26T07:15:17.670301Z 0 [Note] Shutting down plugin 'INNODB_SYS_TABLES'
2018-02-26T07:15:17.671440Z 0 [Note] Shutting down plugin 'INNODB_FT_INDEX_TABLE'
2018-02-26T07:15:17.672638Z 0 [Note] Shutting down plugin 'INNODB_FT_INDEX_CACHE'
2018-02-26T07:15:17.673830Z 0 [Note] Shutting down plugin 'INNODB_FT_CONFIG'
2018-02-26T07:15:17.674959Z 0 [Note] Shutting down plugin 'INNODB_FT_BEING_DELETED'
2018-02-26T07:15:17.676181Z 0 [Note] Shutting down plugin 'INNODB_FT_DELETED'
2018-02-26T07:15:17.677426Z 0 [Note] Shutting down plugin 'INNODB_FT_DEFAULT_STOPWORD'
2018-02-26T07:15:17.680607Z 0 [Note] Shutting down plugin 'INNODB_METRICS'
2018-02-26T07:15:17.682752Z 0 [Note] Shutting down plugin 'INNODB_TEMP_TABLE_INFO'
2018-02-26T07:15:17.691490Z 0 [Note] Shutting down plugin 'INNODB_BUFFER_POOL_STATS'
2018-02-26T07:15:17.693112Z 0 [Note] Shutting down plugin 'INNODB_BUFFER_PAGE_LRU'
2018-02-26T07:15:17.694457Z 0 [Note] Shutting down plugin 'INNODB_BUFFER_PAGE'
2018-02-26T07:15:17.695849Z 0 [Note] Shutting down plugin 'INNODB_CMP_PER_INDEX_RESET'
2018-02-26T07:15:17.697629Z 0 [Note] Shutting down plugin 'INNODB_CMP_PER_INDEX'
2018-02-26T07:15:17.698915Z 0 [Note] Shutting down plugin 'INNODB_CMPMEM_RESET'
2018-02-26T07:15:17.700196Z 0 [Note] Shutting down plugin 'INNODB_CMPMEM'
2018-02-26T07:15:17.701636Z 0 [Note] Shutting down plugin 'INNODB_CMP_RESET'
2018-02-26T07:15:17.703080Z 0 [Note] Shutting down plugin 'INNODB_CMP'
2018-02-26T07:15:17.704323Z 0 [Note] Shutting down plugin 'INNODB_LOCK_WAITS'
2018-02-26T07:15:17.705680Z 0 [Note] Shutting down plugin 'INNODB_LOCKS'
2018-02-26T07:15:17.706950Z 0 [Note] Shutting down plugin 'INNODB_TRX'
2018-02-26T07:15:17.708239Z 0 [Note] Shutting down plugin 'InnoDB'
2018-02-26T07:15:19.014367Z 0 [Note] InnoDB: FTS optimize thread exiting.
2018-02-26T07:15:19.015535Z 0 [Note] InnoDB: Starting shutdown...
2018-02-26T07:15:19.120983Z 0 [Note] InnoDB: Dumping buffer pool(s) to C:\ProgramData\MySQL\MySQL Server 5.7\Data\ib_buffer_pool
2018-02-26T07:15:19.126390Z 0 [Note] InnoDB: Buffer pool(s) dump completed at 180226 10:15:19
2018-02-26T07:15:20.566298Z 0 [Note] InnoDB: Shutdown completed; log sequence number 11520530
2018-02-26T07:15:20.568025Z 0 [Note] InnoDB: Removed temporary tablespace data file: "ibtmp1"
2018-02-26T07:15:20.569035Z 0 [Note] Shutting down plugin 'MEMORY'
2018-02-26T07:15:20.569745Z 0 [Note] Shutting down plugin 'CSV'
2018-02-26T07:15:20.570490Z 0 [Note] Shutting down plugin 'sha256_password'
2018-02-26T07:15:20.571285Z 0 [Note] Shutting down plugin 'mysql_native_password'
2018-02-26T07:15:20.572328Z 0 [Note] Shutting down plugin 'binlog'
2018-02-26T07:15:20.612374Z 0 [Note] C:\Program Files\MySQL\MySQL Server 5.7\bin\mysqld.exe: Shutdown complete

2018-02-26T07:16:19.368171Z 0 [Warning] TIMESTAMP with implicit DEFAULT value is deprecated. Please use --explicit_defaults_for_timestamp server option (see documentation for more details).
2018-02-26T07:16:19.730591Z 0 [Warning] 'NO_ZERO_DATE', 'NO_ZERO_IN_DATE' and 'ERROR_FOR_DIVISION_BY_ZERO' sql modes should be used with strict mode. They will be merged with strict mode in a future release.
2018-02-26T07:16:20.328624Z 0 [Note] C:\Program Files\MySQL\MySQL Server 5.7\bin\mysqld.exe (mysqld 5.7.21-log) starting as process 4000 ...
2018-02-26T07:16:24.707792Z 0 [Note] InnoDB: Mutexes and rw_locks use Windows interlocked functions
2018-02-26T07:16:24.709179Z 0 [Note] InnoDB: Uses event mutexes
2018-02-26T07:16:24.710122Z 0 [Note] InnoDB: _mm_lfence() and _mm_sfence() are used for memory barrier
2018-02-26T07:16:24.711331Z 0 [Note] InnoDB: Compressed tables use zlib 1.2.3
2018-02-26T07:16:24.999285Z 0 [Note] InnoDB: Number of pools: 1
2018-02-26T07:16:25.973243Z 0 [Note] InnoDB: Not using CPU crc32 instructions
2018-02-26T07:16:26.186787Z 0 [Note] InnoDB: Initializing buffer pool, total size = 128M, instances = 1, chunk size = 128M
2018-02-26T07:16:26.441679Z 0 [Note] InnoDB: Completed initialization of buffer pool
2018-02-26T07:16:27.203329Z 0 [Note] InnoDB: Highest supported file format is Barracuda.
2018-02-26T07:16:40.178684Z 0 [Note] InnoDB: Creating shared tablespace for temporary tables
2018-02-26T07:16:40.240337Z 0 [Note] InnoDB: Setting file '.\ibtmp1' size to 12 MB. Physically writing the file full; Please wait ...
2018-02-26T07:16:40.900347Z 0 [Note] InnoDB: File '.\ibtmp1' size is now 12 MB.
2018-02-26T07:16:43.807506Z 0 [Note] InnoDB: 96 redo rollback segment(s) found. 96 redo rollback segment(s) are active.
2018-02-26T07:16:43.809098Z 0 [Note] InnoDB: 32 non-redo rollback segment(s) are active.
2018-02-26T07:16:43.810726Z 0 [Note] InnoDB: Waiting for purge to start
2018-02-26T07:16:43.870134Z 0 [Note] InnoDB: Waiting for purge to start
2018-02-26T07:16:43.932659Z 0 [Note] InnoDB: Waiting for purge to start
2018-02-26T07:16:43.995095Z 0 [Note] InnoDB: Waiting for purge to start
2018-02-26T07:16:44.057610Z 0 [Note] InnoDB: Waiting for purge to start
2018-02-26T07:16:44.120188Z 0 [Note] InnoDB: page_cleaner: 1000ms intended loop took 17650ms. The settings might not be optimal. (flushed=0 and evicted=0, during the time.)
2018-02-26T07:16:44.158345Z 0 [Note] InnoDB: 5.7.21 started; log sequence number 11520530
2018-02-26T07:16:44.160140Z 0 [Note] InnoDB: Loading buffer pool(s) from C:\ProgramData\MySQL\MySQL Server 5.7\Data\ib_buffer_pool
2018-02-26T07:16:44.749248Z 0 [Note] Plugin 'FEDERATED' is disabled.
2018-02-26T07:16:47.644987Z 0 [Note] InnoDB: Buffer pool(s) load completed at 180226 10:16:47
2018-02-26T07:16:47.754240Z 0 [Warning] Failed to set up SSL because of the following SSL library error: SSL context is not usable without certificate and private key
2018-02-26T07:16:47.756274Z 0 [Note] Server hostname (bind-address): '*'; port: 3306
2018-02-26T07:16:47.757698Z 0 [Note] IPv6 is available.
2018-02-26T07:16:47.758447Z 0 [Note]   - '::' resolves to '::';
2018-02-26T07:16:47.759337Z 0 [Note] Server socket created on IP: '::'.
2018-02-26T07:17:23.009268Z 0 [Note] Event Scheduler: Loaded 0 events
2018-02-26T07:17:23.010894Z 0 [Note] C:\Program Files\MySQL\MySQL Server 5.7\bin\mysqld.exe: ready for connections.
Version: '5.7.21-log'  socket: ''  port: 3306  MySQL Community Server (GPL)
2018-02-26T07:52:36.022471Z 18 [Note] Access denied for user 'root'@'localhost' (using password: NO)
2018-02-26T07:52:36.167780Z 19 [Note] Access denied for user 'root'@'localhost' (using password: NO)
